[debug] [2022-09-07T05:49:41.058Z] ----------------------------------------------------------------------
[debug] [2022-09-07T05:49:41.060Z] Command:       C:\Program Files\nodejs\node.exe C:\Users\khaaf\AppData\Roaming\npm\node_modules\firebase-tools\lib\bin\firebase.js deploy
[debug] [2022-09-07T05:49:41.061Z] CLI Version:   11.8.0
[debug] [2022-09-07T05:49:41.061Z] Platform:      win32
[debug] [2022-09-07T05:49:41.061Z] Node Version:  v18.8.0
[debug] [2022-09-07T05:49:41.063Z] Time:          Wed Sep 07 2022 08:49:41 GMT+0300 (Eastern European Summer Time)
[debug] [2022-09-07T05:49:41.063Z] ----------------------------------------------------------------------
[debug] 
[debug] [2022-09-07T05:49:41.066Z] >>> [apiv2][query] GET https://firebase-public.firebaseio.com/cli.json [none]
[debug] [2022-09-07T05:49:41.179Z] > command requires scopes: ["email","openid","https://www.googleapis.com/auth/cloudplatformprojects.readonly","https://www.googleapis.com/auth/firebase","https://www.googleapis.com/auth/cloud-platform"]
[debug] [2022-09-07T05:49:41.179Z] > authorizing via signed-in user (khalidqnabi@gmail.com)
[debug] [2022-09-07T05:49:41.179Z] [iam] checking project personal-website-b86de for permissions ["firebase.projects.get","firebasedatabase.instances.update","firebasehosting.sites.update"]
[debug] [2022-09-07T05:49:41.181Z] > refreshing access token with scopes: []
[debug] [2022-09-07T05:49:41.182Z] >>> [apiv2][query] POST https://www.googleapis.com/oauth2/v3/token [none]
[debug] [2022-09-07T05:49:41.182Z] >>> [apiv2][body] POST https://www.googleapis.com/oauth2/v3/token [omitted]
[debug] [2022-09-07T05:49:41.748Z] <<< [apiv2][status] POST https://www.googleapis.com/oauth2/v3/token 200
[debug] [2022-09-07T05:49:41.749Z] <<< [apiv2][body] POST https://www.googleapis.com/oauth2/v3/token [omitted]
[debug] [2022-09-07T05:49:41.758Z] >>> [apiv2][query] POST https://cloudresourcemanager.googleapis.com/v1/projects/personal-website-b86de:testIamPermissions [none]
[debug] [2022-09-07T05:49:41.758Z] >>> [apiv2][(partial)header] POST https://cloudresourcemanager.googleapis.com/v1/projects/personal-website-b86de:testIamPermissions x-goog-quota-user=projects/personal-website-b86de
[debug] [2022-09-07T05:49:41.758Z] >>> [apiv2][body] POST https://cloudresourcemanager.googleapis.com/v1/projects/personal-website-b86de:testIamPermissions {"permissions":["firebase.projects.get","firebasedatabase.instances.update","firebasehosting.sites.update"]}
[debug] [2022-09-07T05:49:41.958Z] <<< [apiv2][status] GET https://firebase-public.firebaseio.com/cli.json 200
[debug] [2022-09-07T05:49:41.959Z] <<< [apiv2][body] GET https://firebase-public.firebaseio.com/cli.json {"cloudBuildErrorAfter":1594252800000,"cloudBuildWarnAfter":1590019200000,"defaultNode10After":1594252800000,"minVersion":"3.0.5","node8DeploysDisabledAfter":1613390400000,"node8RuntimeDisabledAfter":1615809600000,"node8WarnAfter":1600128000000}
[debug] [2022-09-07T05:49:42.946Z] <<< [apiv2][status] POST https://cloudresourcemanager.googleapis.com/v1/projects/personal-website-b86de:testIamPermissions 200
[debug] [2022-09-07T05:49:42.946Z] <<< [apiv2][body] POST https://cloudresourcemanager.googleapis.com/v1/projects/personal-website-b86de:testIamPermissions {"permissions":["firebase.projects.get","firebasedatabase.instances.update","firebasehosting.sites.update"]}
[debug] [2022-09-07T05:49:42.947Z] >>> [apiv2][query] GET https://firebase.googleapis.com/v1beta1/projects/personal-website-b86de [none]
[debug] [2022-09-07T05:49:43.512Z] <<< [apiv2][status] GET https://firebase.googleapis.com/v1beta1/projects/personal-website-b86de 200
[debug] [2022-09-07T05:49:43.512Z] <<< [apiv2][body] GET https://firebase.googleapis.com/v1beta1/projects/personal-website-b86de {"projectId":"personal-website-b86de","projectNumber":"12000173177","displayName":"personal website","name":"projects/personal-website-b86de","resources":{"hostingSite":"personal-website-b86de","realtimeDatabaseInstance":"personal-website-b86de-default-rtdb","storageBucket":"personal-website-b86de.appspot.com","locationId":"us-west2"},"state":"ACTIVE","etag":"1_0d55c987-876c-4784-87c1-4f21ef64f2d2"}
[debug] [2022-09-07T05:49:43.513Z] >>> [apiv2][query] GET https://firebase.googleapis.com/v1beta1/projects/personal-website-b86de [none]
[debug] [2022-09-07T05:49:44.095Z] <<< [apiv2][status] GET https://firebase.googleapis.com/v1beta1/projects/personal-website-b86de 200
[debug] [2022-09-07T05:49:44.095Z] <<< [apiv2][body] GET https://firebase.googleapis.com/v1beta1/projects/personal-website-b86de {"projectId":"personal-website-b86de","projectNumber":"12000173177","displayName":"personal website","name":"projects/personal-website-b86de","resources":{"hostingSite":"personal-website-b86de","realtimeDatabaseInstance":"personal-website-b86de-default-rtdb","storageBucket":"personal-website-b86de.appspot.com","locationId":"us-west2"},"state":"ACTIVE","etag":"1_0d55c987-876c-4784-87c1-4f21ef64f2d2"}
[info] 
[info] === Deploying to 'personal-website-b86de'...
[info] 
[info] i  deploying database, hosting 
[info] i  database: checking rules syntax... 
[debug] [2022-09-07T05:49:44.102Z] >>> [apiv2][query] GET https://firebasedatabase.googleapis.com/v1beta/projects/personal-website-b86de/locations/-/instances/personal-website-b86de-default-rtdb [none]
[debug] [2022-09-07T05:49:44.890Z] <<< [apiv2][status] GET https://firebasedatabase.googleapis.com/v1beta/projects/personal-website-b86de/locations/-/instances/personal-website-b86de-default-rtdb 200
[debug] [2022-09-07T05:49:44.891Z] <<< [apiv2][body] GET https://firebasedatabase.googleapis.com/v1beta/projects/personal-website-b86de/locations/-/instances/personal-website-b86de-default-rtdb {"name":"projects/12000173177/locations/europe-west1/instances/personal-website-b86de-default-rtdb","project":"projects/12000173177","databaseUrl":"https://personal-website-b86de-default-rtdb.europe-west1.firebasedatabase.app","type":"DEFAULT_DATABASE","state":"ACTIVE"}
[debug] [2022-09-07T05:49:44.892Z] >>> [apiv2][query] PUT https://personal-website-b86de-default-rtdb.europe-west1.firebasedatabase.app/.settings/rules.json dryRun=true
[debug] [2022-09-07T05:49:44.892Z] >>> [apiv2][body] PUT https://personal-website-b86de-default-rtdb.europe-west1.firebasedatabase.app/.settings/rules.json "{\n  /* Visit https://firebase.google.com/docs/database/security to learn more about security rules. */\n  \"rules\": {\n    \".read\": false,\n    \".write\": false\n  }\n}"
[debug] [2022-09-07T05:49:45.505Z] <<< [apiv2][status] PUT https://personal-website-b86de-default-rtdb.europe-west1.firebasedatabase.app/.settings/rules.json 200
[debug] [2022-09-07T05:49:45.505Z] <<< [apiv2][body] PUT https://personal-website-b86de-default-rtdb.europe-west1.firebasedatabase.app/.settings/rules.json {"status":"ok"}
[info] +  database: rules syntax for database personal-website-b86de-default-rtdb is valid 
[debug] [2022-09-07T05:49:45.507Z] >>> [apiv2][query] GET https://firebase.googleapis.com/v1beta1/projects/personal-website-b86de [none]
[debug] [2022-09-07T05:49:46.079Z] <<< [apiv2][status] GET https://firebase.googleapis.com/v1beta1/projects/personal-website-b86de 200
[debug] [2022-09-07T05:49:46.079Z] <<< [apiv2][body] GET https://firebase.googleapis.com/v1beta1/projects/personal-website-b86de {"projectId":"personal-website-b86de","projectNumber":"12000173177","displayName":"personal website","name":"projects/personal-website-b86de","resources":{"hostingSite":"personal-website-b86de","realtimeDatabaseInstance":"personal-website-b86de-default-rtdb","storageBucket":"personal-website-b86de.appspot.com","locationId":"us-west2"},"state":"ACTIVE","etag":"1_0d55c987-876c-4784-87c1-4f21ef64f2d2"}
[debug] [2022-09-07T05:49:46.081Z] >>> [apiv2][query] POST https://firebasehosting.googleapis.com/v1beta1/projects/12000173177/sites/personal-website-b86de/versions [none]
[debug] [2022-09-07T05:49:46.081Z] >>> [apiv2][body] POST https://firebasehosting.googleapis.com/v1beta1/projects/12000173177/sites/personal-website-b86de/versions {"config":{"rewrites":[{"glob":"**","path":"/index.html"}]},"labels":{"deployment-tool":"cli-firebase"}}
[debug] [2022-09-07T05:49:47.766Z] <<< [apiv2][status] POST https://firebasehosting.googleapis.com/v1beta1/projects/12000173177/sites/personal-website-b86de/versions 200
[debug] [2022-09-07T05:49:47.766Z] <<< [apiv2][body] POST https://firebasehosting.googleapis.com/v1beta1/projects/12000173177/sites/personal-website-b86de/versions {"name":"projects/12000173177/sites/personal-website-b86de/versions/c3fc7443c0707a41","status":"CREATED","config":{"rewrites":[{"glob":"**","path":"/index.html"}]},"labels":{"deployment-tool":"cli-firebase"}}
[info] i  hosting[personal-website-b86de]: beginning deploy... 
[info] i  hosting[personal-website-b86de]: found 34 files in build 
[debug] [2022-09-07T05:49:47.791Z] [hosting] uploading with 200 concurrency
[debug] [2022-09-07T05:49:47.798Z] [hosting] hash cache [YnVpbGQ] stored for 34 files
[debug] [2022-09-07T05:49:47.799Z] [hosting][hash queue][FINAL] {"max":3,"min":0,"avg":0,"active":0,"complete":34,"success":34,"errored":0,"retried":0,"total":34,"elapsed":5}
[debug] [2022-09-07T05:49:47.799Z] >>> [apiv2][query] POST https://firebasehosting.googleapis.com/v1beta1/projects/12000173177/sites/personal-website-b86de/versions/c3fc7443c0707a41:populateFiles [none]
[debug] [2022-09-07T05:49:47.799Z] >>> [apiv2][body] POST https://firebasehosting.googleapis.com/v1beta1/projects/12000173177/sites/personal-website-b86de/versions/c3fc7443c0707a41:populateFiles {"files":{"/access_logo_2.png":"319ae1915a65ab1c1a0c29c02a6d30dcdfd6403300669a31215814c6d58958f2","/asset-manifest.json":"11826f3134430be8158ea2c566434bda8b5a33a3e25cfc2e6d21b982a6fb7556","/awored.png":"b799af1638cb4a6f958c267e73fbc2063793d3bed262da4e7e771d9f99f9ca35","/envelope-fill.svg":"acad973945cbcc61e1c8e32ce9fc2b5d3a146904fe1d134a8f0667f3cc2b1781","/facebook.svg":"d88abcfbb7e9307712f43fb6778fe9d94552d96d3aa14cb2a027119374efc662","/favicon.ico":"168cfd60f67c9f46158678001ea836eb74b9ca50921dccbfecb19036d1fb0984","/github.svg":"1830bb440d52a610b98242ed2a127340e923465b558e5039e179aff7f2d8b8c3","/index.html":"b68183762722677bf5e30c829e841630eaa81eead5e5894258358bdce37b59fd","/instagram.svg":"f3fc204aa716fae5a2d85cdde4ddd341afbc110d9c785be440bb5f0f506d8c17","/khalid.jpg":"f84b4ee406722017a4083f1a165987d85a6087993f8fb3290f40b7d94ea549dc","/list.svg":"9575292aa057c9bc3b7527d3999cf9f49b3d3b45e0eba0405b88c8510ef48ad1","/manifest.json":"694c1e75c967822e1d8398f1361701c5e7ab87e03913c54c5f3818230cf13c49","/paypal.svg":"055dd4f2cde4c7da5ffc4aea43ccc2efcc634b3f4731cad08a8405cdcc9fc68b","/person-circle.svg":"0b3e056da114dd1e0e28da232cbae80d3db66cddae7377089f135401d331bf0a","/proggraming.jpg":"b300a6fea2da115799c1c8172cbf83781638b741fafad2e928bda98332222b79","/robots.txt":"b2090cf9761ef60aa06e4fab97679bd43dfa5e5df073701ead5879d7c68f1ec5","/school.png":"1fd7ecfab5f3ac045858af680940fafec06f734ff9243f900c6ef1a560223783","/send-fill.svg":"7b0b23b98dcd7347d0e2b8d15328381e05966da476a5d5b067f9a76437ae49aa","/snapchat.svg":"a962ba01f5455fc498cf7de5f0fc4de1a9c80211460cebe480c658361452dfee","/tiktok.svg":"834dcc0dbe26dd50d43db896fe4fc8f0acbc44bb03abefb0bc59fd296645d823","/twitter.svg":"e2516f9ce98f214667f2ce673cedaaf53648462cae61db1666c28adfcf6d9362","/x-lg.svg":"8b324a29df11b6ec9216770413cdb9fcb2a5503eba9099124571eca697d048d6","/youtube.svg":"efa2e3620babbe5f2d824ac7728888039c4cc0c088c0592787df98013e0ab2c6","/static/css/main.3595f3d1.css":"4b7298b623c6e4e7992f105e80ad698794ddd5153e05b301d2f05e38033e65fd","/static/css/main.3595f3d1.css.map":"87b8186d50346420ea3ea33dcf4334f0d2f2e2cb1abf2d448b4743d0750446fa","/static/js/787.28cb0dcd.chunk.js":"b72129aadef2b1cce5f847b935b4b58bca879c736479ede4c4e80bccf03f82a0","/static/js/787.28cb0dcd.chunk.js.map":"7f861e631c0bfc95128bc71fc8bd95a1dbdfe31dc0d8d063e60464968cf1c800","/static/js/main.96041b58.js":"1cccae523cd79b49c289274e68a437636a86f1348608de4100dad357feb057c3","/static/js/main.96041b58.js.LICENSE.txt":"59dc26ef5c834f6799a18e7da7cc2d740fc78c5045d814f10e6fa2b923f8a5b4","/static/js/main.96041b58.js.map":"7553679f50c2f7fa74dea554a1b90377b2e779ff1c6a78ecb8bb3c05fe6dd0db","/static/media/20210409144409_IMG_1412.083b43ffe6f731ba1e87.JPG":"28107696f3abe90f9648de6f1e34628dfa1d8e9520d0af20ad401665893e53e6","/static/media/ciu.8cd36e8fc9a16e17b4c6.png":"46c4af9620dd0a5ea1375c13e08ea601056e0d2ccdf08ae2247b8924db454863","/static/media/IMG_0116.b2f5a83bedc901b5f4f4.JPG":"52030fe39db2b9220557352d537ec1e4568c70a417ba15da3225ef1a00422bf3","/static/media/merorpic.65359816661ab2b9a3d9.jpg":"d75d6af1bf0027680ee1e4d15a340734acc2f70d0ab10b5d90b362d35bf8a6b9"}}
[debug] [2022-09-07T05:49:49.193Z] <<< [apiv2][status] POST https://firebasehosting.googleapis.com/v1beta1/projects/12000173177/sites/personal-website-b86de/versions/c3fc7443c0707a41:populateFiles 200
[debug] [2022-09-07T05:49:49.193Z] <<< [apiv2][body] POST https://firebasehosting.googleapis.com/v1beta1/projects/12000173177/sites/personal-website-b86de/versions/c3fc7443c0707a41:populateFiles {"uploadUrl":"https://upload-firebasehosting.googleapis.com/upload/sites/personal-website-b86de/versions/c3fc7443c0707a41/files"}
[debug] [2022-09-07T05:49:49.193Z] [hosting][populate queue][FINAL] {"max":1396,"min":1396,"avg":1396,"active":0,"complete":1,"success":1,"errored":0,"retried":0,"total":1,"elapsed":1396}
[debug] [2022-09-07T05:49:49.193Z] [hosting] uploads queued: 0
[debug] [2022-09-07T05:49:49.193Z] [hosting][upload queue][FINAL] {"max":0,"min":9999999999,"avg":0,"active":0,"complete":0,"success":0,"errored":0,"retried":0,"total":0,"elapsed":1662529789193}
[info] +  hosting[personal-website-b86de]: file upload complete 
[debug] [2022-09-07T05:49:49.195Z] [hosting] deploy completed after 1427ms
[info] i  database: releasing rules... 
[debug] [2022-09-07T05:49:49.200Z] >>> [apiv2][query] GET https://firebasedatabase.googleapis.com/v1beta/projects/personal-website-b86de/locations/-/instances/personal-website-b86de-default-rtdb [none]
[debug] [2022-09-07T05:49:49.730Z] <<< [apiv2][status] GET https://firebasedatabase.googleapis.com/v1beta/projects/personal-website-b86de/locations/-/instances/personal-website-b86de-default-rtdb 200
[debug] [2022-09-07T05:49:49.731Z] <<< [apiv2][body] GET https://firebasedatabase.googleapis.com/v1beta/projects/personal-website-b86de/locations/-/instances/personal-website-b86de-default-rtdb {"name":"projects/12000173177/locations/europe-west1/instances/personal-website-b86de-default-rtdb","project":"projects/12000173177","databaseUrl":"https://personal-website-b86de-default-rtdb.europe-west1.firebasedatabase.app","type":"DEFAULT_DATABASE","state":"ACTIVE"}
[debug] [2022-09-07T05:49:49.732Z] >>> [apiv2][query] PUT https://personal-website-b86de-default-rtdb.europe-west1.firebasedatabase.app/.settings/rules.json 
[debug] [2022-09-07T05:49:49.732Z] >>> [apiv2][body] PUT https://personal-website-b86de-default-rtdb.europe-west1.firebasedatabase.app/.settings/rules.json "{\n  /* Visit https://firebase.google.com/docs/database/security to learn more about security rules. */\n  \"rules\": {\n    \".read\": false,\n    \".write\": false\n  }\n}"
